<?xml version="1.0" encoding="UTF-8"?>
<!-- Generated by org.testng.reporters.JUnitReportReporter -->
<testsuite hostname="LAPTOP-5UKNOG16" failures="0" tests="1" name="Application.HomePage" time="9.708" errors="0" timestamp="2022-05-19T10:04:27 GMT-04:00" skipped="0">
  <testcase classname="Application.HomePage" name="LandingElmts" time="9.708"/>
  <system-out/>
</testsuite> <!-- Application.HomePage -->
